2018-06-01 10:20:00 SQL Error :
------------
String:
SQL: <br/>SELECT * FROM `ims_weisrc_dish_dispatcharea` WHERE weid=:weid AND storeid=:storeid ORDER BY id ASC<hr/>Params: <br/>array (
  ':weid' => 4,
  ':storeid' => 37,
)<hr/>SQL Error: <br/>Table 'shop.ims_weisrc_dish_dispatcharea' doesn't exist<hr/>Traces: <br/>file: /framework/class/db.class.php; line: 195; <br />file: /framework/function/pdo.func.php; line: 44; <br />file: /addons/weisrc_dish/inc/mobile/orders.inc.php; line: 90; <br />file: /framework/class/account.class.php; line: 1077; <br />file: /app/source/entry/site.ctrl.php; line: 12; <br />file: /app/source/entry/site.ctrl.php; line: 12; <br />file: /app/index.php; line: 115; <br />

2018-06-01 10:20:07 SQL Error :
------------
String:
SQL: <br/>SELECT * FROM `ims_weisrc_dish_dispatcharea` WHERE weid=:weid AND storeid=:storeid ORDER BY id ASC<hr/>Params: <br/>array (
  ':weid' => 4,
  ':storeid' => 37,
)<hr/>SQL Error: <br/>Table 'shop.ims_weisrc_dish_dispatcharea' doesn't exist<hr/>Traces: <br/>file: /framework/class/db.class.php; line: 195; <br />file: /framework/function/pdo.func.php; line: 44; <br />file: /addons/weisrc_dish/inc/mobile/orders.inc.php; line: 90; <br />file: /framework/class/account.class.php; line: 1077; <br />file: /app/source/entry/site.ctrl.php; line: 12; <br />file: /app/source/entry/site.ctrl.php; line: 12; <br />file: /app/index.php; line: 115; <br />

2018-06-01 10:22:21 SQL Error :
------------
String:
SQL: <br/>SELECT * FROM `ims_weisrc_dish_dispatcharea` WHERE weid=:weid AND storeid=:storeid ORDER BY id ASC<hr/>Params: <br/>array (
  ':weid' => 4,
  ':storeid' => 37,
)<hr/>SQL Error: <br/>Table 'shop.ims_weisrc_dish_dispatcharea' doesn't exist<hr/>Traces: <br/>file: /framework/class/db.class.php; line: 195; <br />file: /framework/function/pdo.func.php; line: 44; <br />file: /addons/weisrc_dish/inc/mobile/orders.inc.php; line: 90; <br />file: /framework/class/account.class.php; line: 1077; <br />file: /app/source/entry/site.ctrl.php; line: 12; <br />file: /app/source/entry/site.ctrl.php; line: 12; <br />file: /app/index.php; line: 115; <br />

2018-06-01 10:51:04 SQL Error :
------------
String:
SQL: <br/>SELECT * FROM `ims_weisrc_dish_dispatcharea` WHERE weid=:weid AND storeid=:storeid ORDER BY id ASC<hr/>Params: <br/>array (
  ':weid' => 4,
  ':storeid' => 37,
)<hr/>SQL Error: <br/>Table 'shop.ims_weisrc_dish_dispatcharea' doesn't exist<hr/>Traces: <br/>file: /framework/class/db.class.php; line: 195; <br />file: /framework/function/pdo.func.php; line: 44; <br />file: /addons/weisrc_dish/inc/mobile/orders.inc.php; line: 90; <br />file: /framework/class/account.class.php; line: 1077; <br />file: /app/source/entry/site.ctrl.php; line: 12; <br />file: /app/source/entry/site.ctrl.php; line: 12; <br />file: /app/index.php; line: 115; <br />

2018-06-01 10:53:51 SQL Error :
------------
String:
SQL: <br/>SELECT * FROM `ims_weisrc_dish_dispatcharea` WHERE weid=:weid AND storeid=:storeid ORDER BY id ASC<hr/>Params: <br/>array (
  ':weid' => 4,
  ':storeid' => 37,
)<hr/>SQL Error: <br/>Table 'shop.ims_weisrc_dish_dispatcharea' doesn't exist<hr/>Traces: <br/>file: /framework/class/db.class.php; line: 195; <br />file: /framework/function/pdo.func.php; line: 44; <br />file: /addons/weisrc_dish/inc/mobile/orders.inc.php; line: 90; <br />file: /framework/class/account.class.php; line: 1077; <br />file: /app/source/entry/site.ctrl.php; line: 12; <br />file: /app/source/entry/site.ctrl.php; line: 12; <br />file: /app/index.php; line: 115; <br />

2018-06-01 17:43:30 SQL Error :
------------
String:
SQL: <br/>SELECT * FROM `ims_weisrc_dish_dispatcharea` WHERE weid=:weid AND storeid=:storeid ORDER BY id ASC<hr/>Params: <br/>array (
  ':weid' => 4,
  ':storeid' => 37,
)<hr/>SQL Error: <br/>Table 'shop.ims_weisrc_dish_dispatcharea' doesn't exist<hr/>Traces: <br/>file: /framework/class/db.class.php; line: 195; <br />file: /framework/function/pdo.func.php; line: 44; <br />file: /addons/weisrc_dish/inc/mobile/orders.inc.php; line: 90; <br />file: /framework/class/account.class.php; line: 1077; <br />file: /app/source/entry/site.ctrl.php; line: 12; <br />file: /app/source/entry/site.ctrl.php; line: 12; <br />file: /app/index.php; line: 115; <br />

2018-06-01 18:03:30 SQL Error :
------------
String:
SQL: <br/>SELECT * FROM `ims_weisrc_dish_dispatcharea` WHERE weid=:weid AND storeid=:storeid ORDER BY id ASC<hr/>Params: <br/>array (
  ':weid' => 4,
  ':storeid' => 37,
)<hr/>SQL Error: <br/>Table 'shop.ims_weisrc_dish_dispatcharea' doesn't exist<hr/>Traces: <br/>file: /framework/class/db.class.php; line: 195; <br />file: /framework/function/pdo.func.php; line: 44; <br />file: /addons/weisrc_dish/inc/mobile/orders.inc.php; line: 90; <br />file: /framework/class/account.class.php; line: 1077; <br />file: /app/source/entry/site.ctrl.php; line: 12; <br />file: /app/source/entry/site.ctrl.php; line: 12; <br />file: /app/index.php; line: 115; <br />

