2018-05-25 09:50:42 SQL Error :
------------
String:
SQL: <br/>SELECT * FROM `ims_weisrc_dish_dispatcharea` WHERE weid=:weid AND storeid=:storeid ORDER BY id ASC<hr/>Params: <br/>array (
  ':weid' => 4,
  ':storeid' => 37,
)<hr/>SQL Error: <br/>Table 'shop.ims_weisrc_dish_dispatcharea' doesn't exist<hr/>Traces: <br/>file: /framework/class/db.class.php; line: 195; <br />file: /framework/function/pdo.func.php; line: 44; <br />file: /addons/weisrc_dish/inc/mobile/orders.inc.php; line: 89; <br />file: /framework/class/account.class.php; line: 1077; <br />file: /app/source/entry/site.ctrl.php; line: 12; <br />file: /app/source/entry/site.ctrl.php; line: 12; <br />file: /app/index.php; line: 115; <br />

2018-05-25 09:51:03 SQL Error :
------------
String:
SQL: <br/>SELECT * FROM `ims_weisrc_dish_dispatcharea` WHERE weid=:weid AND storeid=:storeid ORDER BY id ASC<hr/>Params: <br/>array (
  ':weid' => 4,
  ':storeid' => 37,
)<hr/>SQL Error: <br/>Table 'shop.ims_weisrc_dish_dispatcharea' doesn't exist<hr/>Traces: <br/>file: /framework/class/db.class.php; line: 195; <br />file: /framework/function/pdo.func.php; line: 44; <br />file: /addons/weisrc_dish/inc/mobile/orders.inc.php; line: 89; <br />file: /framework/class/account.class.php; line: 1077; <br />file: /app/source/entry/site.ctrl.php; line: 12; <br />file: /app/source/entry/site.ctrl.php; line: 12; <br />file: /app/index.php; line: 115; <br />

2018-05-25 09:56:54 SQL Error :
------------
String:
SQL: <br/>SELECT * FROM `ims_weisrc_dish_dispatcharea` WHERE weid=:weid AND storeid=:storeid ORDER BY id ASC<hr/>Params: <br/>array (
  ':weid' => 4,
  ':storeid' => 37,
)<hr/>SQL Error: <br/>Table 'shop.ims_weisrc_dish_dispatcharea' doesn't exist<hr/>Traces: <br/>file: /framework/class/db.class.php; line: 195; <br />file: /framework/function/pdo.func.php; line: 44; <br />file: /addons/weisrc_dish/inc/mobile/orders.inc.php; line: 89; <br />file: /framework/class/account.class.php; line: 1077; <br />file: /app/source/entry/site.ctrl.php; line: 12; <br />file: /app/source/entry/site.ctrl.php; line: 12; <br />file: /app/index.php; line: 115; <br />

2018-05-25 09:56:54 SQL Error :
------------
String:
SQL: <br/>SELECT * FROM `ims_weisrc_dish_dispatcharea` WHERE weid=:weid AND storeid=:storeid ORDER BY id ASC<hr/>Params: <br/>array (
  ':weid' => 4,
  ':storeid' => 37,
)<hr/>SQL Error: <br/>Table 'shop.ims_weisrc_dish_dispatcharea' doesn't exist<hr/>Traces: <br/>file: /framework/class/db.class.php; line: 195; <br />file: /framework/function/pdo.func.php; line: 44; <br />file: /addons/weisrc_dish/inc/mobile/orders.inc.php; line: 89; <br />file: /framework/class/account.class.php; line: 1077; <br />file: /app/source/entry/site.ctrl.php; line: 12; <br />file: /app/source/entry/site.ctrl.php; line: 12; <br />file: /app/index.php; line: 115; <br />

2018-05-25 09:57:07 SQL Error :
------------
String:
SQL: <br/>SELECT * FROM `ims_weisrc_dish_dispatcharea` WHERE weid=:weid AND storeid=:storeid ORDER BY id ASC<hr/>Params: <br/>array (
  ':weid' => 4,
  ':storeid' => 37,
)<hr/>SQL Error: <br/>Table 'shop.ims_weisrc_dish_dispatcharea' doesn't exist<hr/>Traces: <br/>file: /framework/class/db.class.php; line: 195; <br />file: /framework/function/pdo.func.php; line: 44; <br />file: /addons/weisrc_dish/inc/mobile/orders.inc.php; line: 89; <br />file: /framework/class/account.class.php; line: 1077; <br />file: /app/source/entry/site.ctrl.php; line: 12; <br />file: /app/source/entry/site.ctrl.php; line: 12; <br />file: /app/index.php; line: 115; <br />

2018-05-25 09:57:07 SQL Error :
------------
String:
SQL: <br/>SELECT * FROM `ims_weisrc_dish_dispatcharea` WHERE weid=:weid AND storeid=:storeid ORDER BY id ASC<hr/>Params: <br/>array (
  ':weid' => 4,
  ':storeid' => 37,
)<hr/>SQL Error: <br/>Table 'shop.ims_weisrc_dish_dispatcharea' doesn't exist<hr/>Traces: <br/>file: /framework/class/db.class.php; line: 195; <br />file: /framework/function/pdo.func.php; line: 44; <br />file: /addons/weisrc_dish/inc/mobile/orders.inc.php; line: 89; <br />file: /framework/class/account.class.php; line: 1077; <br />file: /app/source/entry/site.ctrl.php; line: 12; <br />file: /app/source/entry/site.ctrl.php; line: 12; <br />file: /app/index.php; line: 115; <br />

2018-05-25 09:57:08 SQL Error :
------------
String:
SQL: <br/>SELECT * FROM `ims_weisrc_dish_dispatcharea` WHERE weid=:weid AND storeid=:storeid ORDER BY id ASC<hr/>Params: <br/>array (
  ':weid' => 4,
  ':storeid' => 37,
)<hr/>SQL Error: <br/>Table 'shop.ims_weisrc_dish_dispatcharea' doesn't exist<hr/>Traces: <br/>file: /framework/class/db.class.php; line: 195; <br />file: /framework/function/pdo.func.php; line: 44; <br />file: /addons/weisrc_dish/inc/mobile/orders.inc.php; line: 89; <br />file: /framework/class/account.class.php; line: 1077; <br />file: /app/source/entry/site.ctrl.php; line: 12; <br />file: /app/source/entry/site.ctrl.php; line: 12; <br />file: /app/index.php; line: 115; <br />

2018-05-25 10:03:09 SQL Error :
------------
String:
SQL: <br/>SELECT * FROM `ims_weisrc_dish_dispatcharea` WHERE weid=:weid AND storeid=:storeid ORDER BY id ASC<hr/>Params: <br/>array (
  ':weid' => 4,
  ':storeid' => 37,
)<hr/>SQL Error: <br/>Table 'shop.ims_weisrc_dish_dispatcharea' doesn't exist<hr/>Traces: <br/>file: /framework/class/db.class.php; line: 195; <br />file: /framework/function/pdo.func.php; line: 44; <br />file: /addons/weisrc_dish/inc/mobile/orders.inc.php; line: 89; <br />file: /framework/class/account.class.php; line: 1077; <br />file: /app/source/entry/site.ctrl.php; line: 12; <br />file: /app/source/entry/site.ctrl.php; line: 12; <br />file: /app/index.php; line: 115; <br />

2018-05-25 10:08:30 SQL Error :
------------
String:
SQL: <br/>SELECT * FROM `ims_weisrc_dish_dispatcharea` WHERE weid=:weid AND storeid=:storeid ORDER BY id ASC<hr/>Params: <br/>array (
  ':weid' => 4,
  ':storeid' => 37,
)<hr/>SQL Error: <br/>Table 'shop.ims_weisrc_dish_dispatcharea' doesn't exist<hr/>Traces: <br/>file: /framework/class/db.class.php; line: 195; <br />file: /framework/function/pdo.func.php; line: 44; <br />file: /addons/weisrc_dish/inc/mobile/orders.inc.php; line: 89; <br />file: /framework/class/account.class.php; line: 1077; <br />file: /app/source/entry/site.ctrl.php; line: 12; <br />file: /app/source/entry/site.ctrl.php; line: 12; <br />file: /app/index.php; line: 115; <br />

2018-05-25 10:08:31 SQL Error :
------------
String:
SQL: <br/>SELECT * FROM `ims_weisrc_dish_dispatcharea` WHERE weid=:weid AND storeid=:storeid ORDER BY id ASC<hr/>Params: <br/>array (
  ':weid' => 4,
  ':storeid' => 37,
)<hr/>SQL Error: <br/>Table 'shop.ims_weisrc_dish_dispatcharea' doesn't exist<hr/>Traces: <br/>file: /framework/class/db.class.php; line: 195; <br />file: /framework/function/pdo.func.php; line: 44; <br />file: /addons/weisrc_dish/inc/mobile/orders.inc.php; line: 89; <br />file: /framework/class/account.class.php; line: 1077; <br />file: /app/source/entry/site.ctrl.php; line: 12; <br />file: /app/source/entry/site.ctrl.php; line: 12; <br />file: /app/index.php; line: 115; <br />

2018-05-25 10:09:06 SQL Error :
------------
String:
SQL: <br/>SELECT * FROM `ims_weisrc_dish_dispatcharea` WHERE weid=:weid AND storeid=:storeid ORDER BY id ASC<hr/>Params: <br/>array (
  ':weid' => 4,
  ':storeid' => 37,
)<hr/>SQL Error: <br/>Table 'shop.ims_weisrc_dish_dispatcharea' doesn't exist<hr/>Traces: <br/>file: /framework/class/db.class.php; line: 195; <br />file: /framework/function/pdo.func.php; line: 44; <br />file: /addons/weisrc_dish/inc/mobile/orders.inc.php; line: 89; <br />file: /framework/class/account.class.php; line: 1077; <br />file: /app/source/entry/site.ctrl.php; line: 12; <br />file: /app/source/entry/site.ctrl.php; line: 12; <br />file: /app/index.php; line: 115; <br />

2018-05-25 10:10:28 SQL Error :
------------
String:
SQL: <br/>SELECT * FROM `ims_weisrc_dish_dispatcharea` WHERE weid=:weid AND storeid=:storeid ORDER BY id ASC<hr/>Params: <br/>array (
  ':weid' => 4,
  ':storeid' => 37,
)<hr/>SQL Error: <br/>Table 'shop.ims_weisrc_dish_dispatcharea' doesn't exist<hr/>Traces: <br/>file: /framework/class/db.class.php; line: 195; <br />file: /framework/function/pdo.func.php; line: 44; <br />file: /addons/weisrc_dish/inc/mobile/orders.inc.php; line: 89; <br />file: /framework/class/account.class.php; line: 1077; <br />file: /app/source/entry/site.ctrl.php; line: 12; <br />file: /app/source/entry/site.ctrl.php; line: 12; <br />file: /app/index.php; line: 115; <br />

2018-05-25 10:10:36 SQL Error :
------------
String:
SQL: <br/>SELECT * FROM `ims_weisrc_dish_dispatcharea` WHERE weid=:weid AND storeid=:storeid ORDER BY id ASC<hr/>Params: <br/>array (
  ':weid' => 4,
  ':storeid' => 37,
)<hr/>SQL Error: <br/>Table 'shop.ims_weisrc_dish_dispatcharea' doesn't exist<hr/>Traces: <br/>file: /framework/class/db.class.php; line: 195; <br />file: /framework/function/pdo.func.php; line: 44; <br />file: /addons/weisrc_dish/inc/mobile/orders.inc.php; line: 89; <br />file: /framework/class/account.class.php; line: 1077; <br />file: /app/source/entry/site.ctrl.php; line: 12; <br />file: /app/source/entry/site.ctrl.php; line: 12; <br />file: /app/index.php; line: 115; <br />

2018-05-25 10:10:48 SQL Error :
------------
String:
SQL: <br/>SELECT * FROM `ims_weisrc_dish_dispatcharea` WHERE weid=:weid AND storeid=:storeid ORDER BY id ASC<hr/>Params: <br/>array (
  ':weid' => 4,
  ':storeid' => 37,
)<hr/>SQL Error: <br/>Table 'shop.ims_weisrc_dish_dispatcharea' doesn't exist<hr/>Traces: <br/>file: /framework/class/db.class.php; line: 195; <br />file: /framework/function/pdo.func.php; line: 44; <br />file: /addons/weisrc_dish/inc/mobile/orders.inc.php; line: 89; <br />file: /framework/class/account.class.php; line: 1077; <br />file: /app/source/entry/site.ctrl.php; line: 12; <br />file: /app/source/entry/site.ctrl.php; line: 12; <br />file: /app/index.php; line: 115; <br />

2018-05-25 10:10:53 SQL Error :
------------
String:
SQL: <br/>SELECT * FROM `ims_weisrc_dish_dispatcharea` WHERE weid=:weid AND storeid=:storeid ORDER BY id ASC<hr/>Params: <br/>array (
  ':weid' => 4,
  ':storeid' => 37,
)<hr/>SQL Error: <br/>Table 'shop.ims_weisrc_dish_dispatcharea' doesn't exist<hr/>Traces: <br/>file: /framework/class/db.class.php; line: 195; <br />file: /framework/function/pdo.func.php; line: 44; <br />file: /addons/weisrc_dish/inc/mobile/orders.inc.php; line: 89; <br />file: /framework/class/account.class.php; line: 1077; <br />file: /app/source/entry/site.ctrl.php; line: 12; <br />file: /app/source/entry/site.ctrl.php; line: 12; <br />file: /app/index.php; line: 115; <br />

2018-05-25 10:11:03 SQL Error :
------------
String:
SQL: <br/>SELECT * FROM `ims_weisrc_dish_dispatcharea` WHERE weid=:weid AND storeid=:storeid ORDER BY id ASC<hr/>Params: <br/>array (
  ':weid' => 4,
  ':storeid' => 37,
)<hr/>SQL Error: <br/>Table 'shop.ims_weisrc_dish_dispatcharea' doesn't exist<hr/>Traces: <br/>file: /framework/class/db.class.php; line: 195; <br />file: /framework/function/pdo.func.php; line: 44; <br />file: /addons/weisrc_dish/inc/mobile/orders.inc.php; line: 89; <br />file: /framework/class/account.class.php; line: 1077; <br />file: /app/source/entry/site.ctrl.php; line: 12; <br />file: /app/source/entry/site.ctrl.php; line: 12; <br />file: /app/index.php; line: 115; <br />

2018-05-25 10:11:25 SQL Error :
------------
String:
SQL: <br/>SELECT * FROM `ims_weisrc_dish_dispatcharea` WHERE weid=:weid AND storeid=:storeid ORDER BY id ASC<hr/>Params: <br/>array (
  ':weid' => 4,
  ':storeid' => 37,
)<hr/>SQL Error: <br/>Table 'shop.ims_weisrc_dish_dispatcharea' doesn't exist<hr/>Traces: <br/>file: /framework/class/db.class.php; line: 195; <br />file: /framework/function/pdo.func.php; line: 44; <br />file: /addons/weisrc_dish/inc/mobile/orders.inc.php; line: 89; <br />file: /framework/class/account.class.php; line: 1077; <br />file: /app/source/entry/site.ctrl.php; line: 12; <br />file: /app/source/entry/site.ctrl.php; line: 12; <br />file: /app/index.php; line: 115; <br />

2018-05-25 10:12:12 SQL Error :
------------
String:
SQL: <br/>SELECT * FROM `ims_weisrc_dish_dispatcharea` WHERE weid=:weid AND storeid=:storeid ORDER BY id ASC<hr/>Params: <br/>array (
  ':weid' => 4,
  ':storeid' => 37,
)<hr/>SQL Error: <br/>Table 'shop.ims_weisrc_dish_dispatcharea' doesn't exist<hr/>Traces: <br/>file: /framework/class/db.class.php; line: 195; <br />file: /framework/function/pdo.func.php; line: 44; <br />file: /addons/weisrc_dish/inc/mobile/orders.inc.php; line: 89; <br />file: /framework/class/account.class.php; line: 1077; <br />file: /app/source/entry/site.ctrl.php; line: 12; <br />file: /app/source/entry/site.ctrl.php; line: 12; <br />file: /app/index.php; line: 115; <br />

2018-05-25 10:14:00 SQL Error :
------------
String:
SQL: <br/>SELECT * FROM `ims_weisrc_dish_dispatcharea` WHERE weid=:weid AND storeid=:storeid ORDER BY id ASC<hr/>Params: <br/>array (
  ':weid' => 4,
  ':storeid' => 37,
)<hr/>SQL Error: <br/>Table 'shop.ims_weisrc_dish_dispatcharea' doesn't exist<hr/>Traces: <br/>file: /framework/class/db.class.php; line: 195; <br />file: /framework/function/pdo.func.php; line: 44; <br />file: /addons/weisrc_dish/inc/mobile/orders.inc.php; line: 89; <br />file: /framework/class/account.class.php; line: 1077; <br />file: /app/source/entry/site.ctrl.php; line: 12; <br />file: /app/source/entry/site.ctrl.php; line: 12; <br />file: /app/index.php; line: 115; <br />

2018-05-25 10:15:43 SQL Error :
------------
String:
SQL: <br/>SELECT * FROM `ims_weisrc_dish_dispatcharea` WHERE weid=:weid AND storeid=:storeid ORDER BY id ASC<hr/>Params: <br/>array (
  ':weid' => 4,
  ':storeid' => 37,
)<hr/>SQL Error: <br/>Table 'shop.ims_weisrc_dish_dispatcharea' doesn't exist<hr/>Traces: <br/>file: /framework/class/db.class.php; line: 195; <br />file: /framework/function/pdo.func.php; line: 44; <br />file: /addons/weisrc_dish/inc/mobile/orders.inc.php; line: 89; <br />file: /framework/class/account.class.php; line: 1077; <br />file: /app/source/entry/site.ctrl.php; line: 12; <br />file: /app/source/entry/site.ctrl.php; line: 12; <br />file: /app/index.php; line: 115; <br />

2018-05-25 10:20:20 SQL Error :
------------
String:
SQL: <br/>SELECT * FROM `ims_weisrc_dish_dispatcharea` WHERE weid=:weid AND storeid=:storeid ORDER BY id ASC<hr/>Params: <br/>array (
  ':weid' => 4,
  ':storeid' => 37,
)<hr/>SQL Error: <br/>Table 'shop.ims_weisrc_dish_dispatcharea' doesn't exist<hr/>Traces: <br/>file: /framework/class/db.class.php; line: 195; <br />file: /framework/function/pdo.func.php; line: 44; <br />file: /addons/weisrc_dish/inc/mobile/orders.inc.php; line: 89; <br />file: /framework/class/account.class.php; line: 1077; <br />file: /app/source/entry/site.ctrl.php; line: 12; <br />file: /app/source/entry/site.ctrl.php; line: 12; <br />file: /app/index.php; line: 115; <br />

2018-05-25 10:20:35 SQL Error :
------------
String:
SQL: <br/>SELECT * FROM `ims_weisrc_dish_dispatcharea` WHERE weid=:weid AND storeid=:storeid ORDER BY id ASC<hr/>Params: <br/>array (
  ':weid' => 4,
  ':storeid' => 37,
)<hr/>SQL Error: <br/>Table 'shop.ims_weisrc_dish_dispatcharea' doesn't exist<hr/>Traces: <br/>file: /framework/class/db.class.php; line: 195; <br />file: /framework/function/pdo.func.php; line: 44; <br />file: /addons/weisrc_dish/inc/mobile/orders.inc.php; line: 89; <br />file: /framework/class/account.class.php; line: 1077; <br />file: /app/source/entry/site.ctrl.php; line: 12; <br />file: /app/source/entry/site.ctrl.php; line: 12; <br />file: /app/index.php; line: 115; <br />

2018-05-25 10:20:57 SQL Error :
------------
String:
SQL: <br/>SELECT * FROM `ims_weisrc_dish_dispatcharea` WHERE weid=:weid AND storeid=:storeid ORDER BY id ASC<hr/>Params: <br/>array (
  ':weid' => 4,
  ':storeid' => 37,
)<hr/>SQL Error: <br/>Table 'shop.ims_weisrc_dish_dispatcharea' doesn't exist<hr/>Traces: <br/>file: /framework/class/db.class.php; line: 195; <br />file: /framework/function/pdo.func.php; line: 44; <br />file: /addons/weisrc_dish/inc/mobile/orders.inc.php; line: 89; <br />file: /framework/class/account.class.php; line: 1077; <br />file: /app/source/entry/site.ctrl.php; line: 12; <br />file: /app/source/entry/site.ctrl.php; line: 12; <br />file: /app/index.php; line: 115; <br />

2018-05-25 10:21:04 SQL Error :
------------
String:
SQL: <br/>SELECT * FROM `ims_weisrc_dish_dispatcharea` WHERE weid=:weid AND storeid=:storeid ORDER BY id ASC<hr/>Params: <br/>array (
  ':weid' => 4,
  ':storeid' => 37,
)<hr/>SQL Error: <br/>Table 'shop.ims_weisrc_dish_dispatcharea' doesn't exist<hr/>Traces: <br/>file: /framework/class/db.class.php; line: 195; <br />file: /framework/function/pdo.func.php; line: 44; <br />file: /addons/weisrc_dish/inc/mobile/orders.inc.php; line: 89; <br />file: /framework/class/account.class.php; line: 1077; <br />file: /app/source/entry/site.ctrl.php; line: 12; <br />file: /app/source/entry/site.ctrl.php; line: 12; <br />file: /app/index.php; line: 115; <br />

2018-05-25 10:21:35 SQL Error :
------------
String:
SQL: <br/>SELECT * FROM `ims_weisrc_dish_dispatcharea` WHERE weid=:weid AND storeid=:storeid ORDER BY id ASC<hr/>Params: <br/>array (
  ':weid' => 4,
  ':storeid' => 37,
)<hr/>SQL Error: <br/>Table 'shop.ims_weisrc_dish_dispatcharea' doesn't exist<hr/>Traces: <br/>file: /framework/class/db.class.php; line: 195; <br />file: /framework/function/pdo.func.php; line: 44; <br />file: /addons/weisrc_dish/inc/mobile/orders.inc.php; line: 89; <br />file: /framework/class/account.class.php; line: 1077; <br />file: /app/source/entry/site.ctrl.php; line: 12; <br />file: /app/source/entry/site.ctrl.php; line: 12; <br />file: /app/index.php; line: 115; <br />

2018-05-25 10:21:44 SQL Error :
------------
String:
SQL: <br/>SELECT * FROM `ims_weisrc_dish_dispatcharea` WHERE weid=:weid AND storeid=:storeid ORDER BY id ASC<hr/>Params: <br/>array (
  ':weid' => 4,
  ':storeid' => 37,
)<hr/>SQL Error: <br/>Table 'shop.ims_weisrc_dish_dispatcharea' doesn't exist<hr/>Traces: <br/>file: /framework/class/db.class.php; line: 195; <br />file: /framework/function/pdo.func.php; line: 44; <br />file: /addons/weisrc_dish/inc/mobile/orders.inc.php; line: 89; <br />file: /framework/class/account.class.php; line: 1077; <br />file: /app/source/entry/site.ctrl.php; line: 12; <br />file: /app/source/entry/site.ctrl.php; line: 12; <br />file: /app/index.php; line: 115; <br />

2018-05-25 10:23:08 SQL Error :
------------
String:
SQL: <br/>SELECT * FROM `ims_weisrc_dish_dispatcharea` WHERE weid=:weid AND storeid=:storeid ORDER BY id ASC<hr/>Params: <br/>array (
  ':weid' => 4,
  ':storeid' => 37,
)<hr/>SQL Error: <br/>Table 'shop.ims_weisrc_dish_dispatcharea' doesn't exist<hr/>Traces: <br/>file: /framework/class/db.class.php; line: 195; <br />file: /framework/function/pdo.func.php; line: 44; <br />file: /addons/weisrc_dish/inc/mobile/orders.inc.php; line: 89; <br />file: /framework/class/account.class.php; line: 1077; <br />file: /app/source/entry/site.ctrl.php; line: 12; <br />file: /app/source/entry/site.ctrl.php; line: 12; <br />file: /app/index.php; line: 115; <br />

2018-05-25 10:23:08 SQL Error :
------------
String:
SQL: <br/>SELECT * FROM `ims_weisrc_dish_dispatcharea` WHERE weid=:weid AND storeid=:storeid ORDER BY id ASC<hr/>Params: <br/>array (
  ':weid' => 4,
  ':storeid' => 37,
)<hr/>SQL Error: <br/>Table 'shop.ims_weisrc_dish_dispatcharea' doesn't exist<hr/>Traces: <br/>file: /framework/class/db.class.php; line: 195; <br />file: /framework/function/pdo.func.php; line: 44; <br />file: /addons/weisrc_dish/inc/mobile/orders.inc.php; line: 89; <br />file: /framework/class/account.class.php; line: 1077; <br />file: /app/source/entry/site.ctrl.php; line: 12; <br />file: /app/source/entry/site.ctrl.php; line: 12; <br />file: /app/index.php; line: 115; <br />

2018-05-25 10:23:11 SQL Error :
------------
String:
SQL: <br/>SELECT * FROM `ims_weisrc_dish_dispatcharea` WHERE weid=:weid AND storeid=:storeid ORDER BY id ASC<hr/>Params: <br/>array (
  ':weid' => 4,
  ':storeid' => 37,
)<hr/>SQL Error: <br/>Table 'shop.ims_weisrc_dish_dispatcharea' doesn't exist<hr/>Traces: <br/>file: /framework/class/db.class.php; line: 195; <br />file: /framework/function/pdo.func.php; line: 44; <br />file: /addons/weisrc_dish/inc/mobile/orders.inc.php; line: 89; <br />file: /framework/class/account.class.php; line: 1077; <br />file: /app/source/entry/site.ctrl.php; line: 12; <br />file: /app/source/entry/site.ctrl.php; line: 12; <br />file: /app/index.php; line: 115; <br />

2018-05-25 10:23:46 SQL Error :
------------
String:
SQL: <br/>SELECT * FROM `ims_weisrc_dish_dispatcharea` WHERE weid=:weid AND storeid=:storeid ORDER BY id ASC<hr/>Params: <br/>array (
  ':weid' => 4,
  ':storeid' => 37,
)<hr/>SQL Error: <br/>Table 'shop.ims_weisrc_dish_dispatcharea' doesn't exist<hr/>Traces: <br/>file: /framework/class/db.class.php; line: 195; <br />file: /framework/function/pdo.func.php; line: 44; <br />file: /addons/weisrc_dish/inc/mobile/orders.inc.php; line: 89; <br />file: /framework/class/account.class.php; line: 1077; <br />file: /app/source/entry/site.ctrl.php; line: 12; <br />file: /app/source/entry/site.ctrl.php; line: 12; <br />file: /app/index.php; line: 115; <br />

2018-05-25 10:24:05 SQL Error :
------------
String:
SQL: <br/>SELECT * FROM `ims_weisrc_dish_dispatcharea` WHERE weid=:weid AND storeid=:storeid ORDER BY id ASC<hr/>Params: <br/>array (
  ':weid' => 4,
  ':storeid' => 37,
)<hr/>SQL Error: <br/>Table 'shop.ims_weisrc_dish_dispatcharea' doesn't exist<hr/>Traces: <br/>file: /framework/class/db.class.php; line: 195; <br />file: /framework/function/pdo.func.php; line: 44; <br />file: /addons/weisrc_dish/inc/mobile/orders.inc.php; line: 89; <br />file: /framework/class/account.class.php; line: 1077; <br />file: /app/source/entry/site.ctrl.php; line: 12; <br />file: /app/source/entry/site.ctrl.php; line: 12; <br />file: /app/index.php; line: 115; <br />

2018-05-25 10:24:09 SQL Error :
------------
String:
SQL: <br/>SELECT * FROM `ims_weisrc_dish_dispatcharea` WHERE weid=:weid AND storeid=:storeid ORDER BY id ASC<hr/>Params: <br/>array (
  ':weid' => 4,
  ':storeid' => 37,
)<hr/>SQL Error: <br/>Table 'shop.ims_weisrc_dish_dispatcharea' doesn't exist<hr/>Traces: <br/>file: /framework/class/db.class.php; line: 195; <br />file: /framework/function/pdo.func.php; line: 44; <br />file: /addons/weisrc_dish/inc/mobile/orders.inc.php; line: 89; <br />file: /framework/class/account.class.php; line: 1077; <br />file: /app/source/entry/site.ctrl.php; line: 12; <br />file: /app/source/entry/site.ctrl.php; line: 12; <br />file: /app/index.php; line: 115; <br />

2018-05-25 10:24:13 SQL Error :
------------
String:
SQL: <br/>SELECT * FROM `ims_weisrc_dish_dispatcharea` WHERE weid=:weid AND storeid=:storeid ORDER BY id ASC<hr/>Params: <br/>array (
  ':weid' => 4,
  ':storeid' => 37,
)<hr/>SQL Error: <br/>Table 'shop.ims_weisrc_dish_dispatcharea' doesn't exist<hr/>Traces: <br/>file: /framework/class/db.class.php; line: 195; <br />file: /framework/function/pdo.func.php; line: 44; <br />file: /addons/weisrc_dish/inc/mobile/orders.inc.php; line: 89; <br />file: /framework/class/account.class.php; line: 1077; <br />file: /app/source/entry/site.ctrl.php; line: 12; <br />file: /app/source/entry/site.ctrl.php; line: 12; <br />file: /app/index.php; line: 115; <br />

2018-05-25 10:24:19 SQL Error :
------------
String:
SQL: <br/>SELECT * FROM `ims_weisrc_dish_dispatcharea` WHERE weid=:weid AND storeid=:storeid ORDER BY id ASC<hr/>Params: <br/>array (
  ':weid' => 4,
  ':storeid' => 37,
)<hr/>SQL Error: <br/>Table 'shop.ims_weisrc_dish_dispatcharea' doesn't exist<hr/>Traces: <br/>file: /framework/class/db.class.php; line: 195; <br />file: /framework/function/pdo.func.php; line: 44; <br />file: /addons/weisrc_dish/inc/mobile/orders.inc.php; line: 89; <br />file: /framework/class/account.class.php; line: 1077; <br />file: /app/source/entry/site.ctrl.php; line: 12; <br />file: /app/source/entry/site.ctrl.php; line: 12; <br />file: /app/index.php; line: 115; <br />

2018-05-25 10:24:29 SQL Error :
------------
String:
SQL: <br/>SELECT * FROM `ims_weisrc_dish_dispatcharea` WHERE weid=:weid AND storeid=:storeid ORDER BY id ASC<hr/>Params: <br/>array (
  ':weid' => 4,
  ':storeid' => 37,
)<hr/>SQL Error: <br/>Table 'shop.ims_weisrc_dish_dispatcharea' doesn't exist<hr/>Traces: <br/>file: /framework/class/db.class.php; line: 195; <br />file: /framework/function/pdo.func.php; line: 44; <br />file: /addons/weisrc_dish/inc/mobile/orders.inc.php; line: 89; <br />file: /framework/class/account.class.php; line: 1077; <br />file: /app/source/entry/site.ctrl.php; line: 12; <br />file: /app/source/entry/site.ctrl.php; line: 12; <br />file: /app/index.php; line: 115; <br />

2018-05-25 10:24:37 SQL Error :
------------
String:
SQL: <br/>SELECT * FROM `ims_weisrc_dish_dispatcharea` WHERE weid=:weid AND storeid=:storeid ORDER BY id ASC<hr/>Params: <br/>array (
  ':weid' => 4,
  ':storeid' => 37,
)<hr/>SQL Error: <br/>Table 'shop.ims_weisrc_dish_dispatcharea' doesn't exist<hr/>Traces: <br/>file: /framework/class/db.class.php; line: 195; <br />file: /framework/function/pdo.func.php; line: 44; <br />file: /addons/weisrc_dish/inc/mobile/orders.inc.php; line: 89; <br />file: /framework/class/account.class.php; line: 1077; <br />file: /app/source/entry/site.ctrl.php; line: 12; <br />file: /app/source/entry/site.ctrl.php; line: 12; <br />file: /app/index.php; line: 115; <br />

2018-05-25 10:24:40 SQL Error :
------------
String:
SQL: <br/>SELECT * FROM `ims_weisrc_dish_dispatcharea` WHERE weid=:weid AND storeid=:storeid ORDER BY id ASC<hr/>Params: <br/>array (
  ':weid' => 4,
  ':storeid' => 37,
)<hr/>SQL Error: <br/>Table 'shop.ims_weisrc_dish_dispatcharea' doesn't exist<hr/>Traces: <br/>file: /framework/class/db.class.php; line: 195; <br />file: /framework/function/pdo.func.php; line: 44; <br />file: /addons/weisrc_dish/inc/mobile/orders.inc.php; line: 89; <br />file: /framework/class/account.class.php; line: 1077; <br />file: /app/source/entry/site.ctrl.php; line: 12; <br />file: /app/source/entry/site.ctrl.php; line: 12; <br />file: /app/index.php; line: 115; <br />

2018-05-25 10:24:55 SQL Error :
------------
String:
SQL: <br/>SELECT * FROM `ims_weisrc_dish_dispatcharea` WHERE weid=:weid AND storeid=:storeid ORDER BY id ASC<hr/>Params: <br/>array (
  ':weid' => 4,
  ':storeid' => 37,
)<hr/>SQL Error: <br/>Table 'shop.ims_weisrc_dish_dispatcharea' doesn't exist<hr/>Traces: <br/>file: /framework/class/db.class.php; line: 195; <br />file: /framework/function/pdo.func.php; line: 44; <br />file: /addons/weisrc_dish/inc/mobile/orders.inc.php; line: 89; <br />file: /framework/class/account.class.php; line: 1077; <br />file: /app/source/entry/site.ctrl.php; line: 12; <br />file: /app/source/entry/site.ctrl.php; line: 12; <br />file: /app/index.php; line: 115; <br />

2018-05-25 10:25:05 SQL Error :
------------
String:
SQL: <br/>SELECT * FROM `ims_weisrc_dish_dispatcharea` WHERE weid=:weid AND storeid=:storeid ORDER BY id ASC<hr/>Params: <br/>array (
  ':weid' => 4,
  ':storeid' => 37,
)<hr/>SQL Error: <br/>Table 'shop.ims_weisrc_dish_dispatcharea' doesn't exist<hr/>Traces: <br/>file: /framework/class/db.class.php; line: 195; <br />file: /framework/function/pdo.func.php; line: 44; <br />file: /addons/weisrc_dish/inc/mobile/orders.inc.php; line: 89; <br />file: /framework/class/account.class.php; line: 1077; <br />file: /app/source/entry/site.ctrl.php; line: 12; <br />file: /app/source/entry/site.ctrl.php; line: 12; <br />file: /app/index.php; line: 115; <br />

2018-05-25 10:25:40 SQL Error :
------------
String:
SQL: <br/>SELECT * FROM `ims_weisrc_dish_dispatcharea` WHERE weid=:weid AND storeid=:storeid ORDER BY id ASC<hr/>Params: <br/>array (
  ':weid' => 4,
  ':storeid' => 37,
)<hr/>SQL Error: <br/>Table 'shop.ims_weisrc_dish_dispatcharea' doesn't exist<hr/>Traces: <br/>file: /framework/class/db.class.php; line: 195; <br />file: /framework/function/pdo.func.php; line: 44; <br />file: /addons/weisrc_dish/inc/mobile/orders.inc.php; line: 89; <br />file: /framework/class/account.class.php; line: 1077; <br />file: /app/source/entry/site.ctrl.php; line: 12; <br />file: /app/source/entry/site.ctrl.php; line: 12; <br />file: /app/index.php; line: 115; <br />

2018-05-25 10:25:47 SQL Error :
------------
String:
SQL: <br/>SELECT * FROM `ims_weisrc_dish_dispatcharea` WHERE weid=:weid AND storeid=:storeid ORDER BY id ASC<hr/>Params: <br/>array (
  ':weid' => 4,
  ':storeid' => 37,
)<hr/>SQL Error: <br/>Table 'shop.ims_weisrc_dish_dispatcharea' doesn't exist<hr/>Traces: <br/>file: /framework/class/db.class.php; line: 195; <br />file: /framework/function/pdo.func.php; line: 44; <br />file: /addons/weisrc_dish/inc/mobile/orders.inc.php; line: 89; <br />file: /framework/class/account.class.php; line: 1077; <br />file: /app/source/entry/site.ctrl.php; line: 12; <br />file: /app/source/entry/site.ctrl.php; line: 12; <br />file: /app/index.php; line: 115; <br />

2018-05-25 10:26:12 SQL Error :
------------
String:
SQL: <br/>SELECT * FROM `ims_weisrc_dish_dispatcharea` WHERE weid=:weid AND storeid=:storeid ORDER BY id ASC<hr/>Params: <br/>array (
  ':weid' => 4,
  ':storeid' => 37,
)<hr/>SQL Error: <br/>Table 'shop.ims_weisrc_dish_dispatcharea' doesn't exist<hr/>Traces: <br/>file: /framework/class/db.class.php; line: 195; <br />file: /framework/function/pdo.func.php; line: 44; <br />file: /addons/weisrc_dish/inc/mobile/orders.inc.php; line: 89; <br />file: /framework/class/account.class.php; line: 1077; <br />file: /app/source/entry/site.ctrl.php; line: 12; <br />file: /app/source/entry/site.ctrl.php; line: 12; <br />file: /app/index.php; line: 115; <br />

2018-05-25 10:26:37 SQL Error :
------------
String:
SQL: <br/>SELECT * FROM `ims_weisrc_dish_dispatcharea` WHERE weid=:weid AND storeid=:storeid ORDER BY id ASC<hr/>Params: <br/>array (
  ':weid' => 4,
  ':storeid' => 37,
)<hr/>SQL Error: <br/>Table 'shop.ims_weisrc_dish_dispatcharea' doesn't exist<hr/>Traces: <br/>file: /framework/class/db.class.php; line: 195; <br />file: /framework/function/pdo.func.php; line: 44; <br />file: /addons/weisrc_dish/inc/mobile/orders.inc.php; line: 89; <br />file: /framework/class/account.class.php; line: 1077; <br />file: /app/source/entry/site.ctrl.php; line: 12; <br />file: /app/source/entry/site.ctrl.php; line: 12; <br />file: /app/index.php; line: 115; <br />

2018-05-25 10:28:37 SQL Error :
------------
String:
SQL: <br/>SELECT * FROM `ims_weisrc_dish_dispatcharea` WHERE weid=:weid AND storeid=:storeid ORDER BY id ASC<hr/>Params: <br/>array (
  ':weid' => 4,
  ':storeid' => 37,
)<hr/>SQL Error: <br/>Table 'shop.ims_weisrc_dish_dispatcharea' doesn't exist<hr/>Traces: <br/>file: /framework/class/db.class.php; line: 195; <br />file: /framework/function/pdo.func.php; line: 44; <br />file: /addons/weisrc_dish/inc/mobile/orders.inc.php; line: 89; <br />file: /framework/class/account.class.php; line: 1077; <br />file: /app/source/entry/site.ctrl.php; line: 12; <br />file: /app/source/entry/site.ctrl.php; line: 12; <br />file: /app/index.php; line: 115; <br />

2018-05-25 10:49:07 SQL Error :
------------
String:
SQL: <br/>SELECT * FROM `ims_weisrc_dish_dispatcharea` WHERE weid=:weid AND storeid=:storeid ORDER BY id ASC<hr/>Params: <br/>array (
  ':weid' => 4,
  ':storeid' => 37,
)<hr/>SQL Error: <br/>Table 'shop.ims_weisrc_dish_dispatcharea' doesn't exist<hr/>Traces: <br/>file: /framework/class/db.class.php; line: 195; <br />file: /framework/function/pdo.func.php; line: 44; <br />file: /addons/weisrc_dish/inc/mobile/orders.inc.php; line: 89; <br />file: /framework/class/account.class.php; line: 1077; <br />file: /app/source/entry/site.ctrl.php; line: 12; <br />file: /app/source/entry/site.ctrl.php; line: 12; <br />file: /app/index.php; line: 115; <br />

2018-05-25 10:49:12 SQL Error :
------------
String:
SQL: <br/>SELECT * FROM `ims_weisrc_dish_dispatcharea` WHERE weid=:weid AND storeid=:storeid ORDER BY id ASC<hr/>Params: <br/>array (
  ':weid' => 4,
  ':storeid' => 37,
)<hr/>SQL Error: <br/>Table 'shop.ims_weisrc_dish_dispatcharea' doesn't exist<hr/>Traces: <br/>file: /framework/class/db.class.php; line: 195; <br />file: /framework/function/pdo.func.php; line: 44; <br />file: /addons/weisrc_dish/inc/mobile/orders.inc.php; line: 89; <br />file: /framework/class/account.class.php; line: 1077; <br />file: /app/source/entry/site.ctrl.php; line: 12; <br />file: /app/source/entry/site.ctrl.php; line: 12; <br />file: /app/index.php; line: 115; <br />

2018-05-25 10:49:49 SQL Error :
------------
String:
SQL: <br/>SELECT * FROM `ims_weisrc_dish_dispatcharea` WHERE weid=:weid AND storeid=:storeid ORDER BY id ASC<hr/>Params: <br/>array (
  ':weid' => 4,
  ':storeid' => 37,
)<hr/>SQL Error: <br/>Table 'shop.ims_weisrc_dish_dispatcharea' doesn't exist<hr/>Traces: <br/>file: /framework/class/db.class.php; line: 195; <br />file: /framework/function/pdo.func.php; line: 44; <br />file: /addons/weisrc_dish/inc/mobile/orders.inc.php; line: 89; <br />file: /framework/class/account.class.php; line: 1077; <br />file: /app/source/entry/site.ctrl.php; line: 12; <br />file: /app/source/entry/site.ctrl.php; line: 12; <br />file: /app/index.php; line: 115; <br />

2018-05-25 10:56:41 SQL Error :
------------
String:
SQL: <br/>SELECT * FROM `ims_weisrc_dish_dispatcharea` WHERE weid=:weid AND storeid=:storeid ORDER BY id ASC<hr/>Params: <br/>array (
  ':weid' => 4,
  ':storeid' => 37,
)<hr/>SQL Error: <br/>Table 'shop.ims_weisrc_dish_dispatcharea' doesn't exist<hr/>Traces: <br/>file: /framework/class/db.class.php; line: 195; <br />file: /framework/function/pdo.func.php; line: 44; <br />file: /addons/weisrc_dish/inc/mobile/orders.inc.php; line: 89; <br />file: /framework/class/account.class.php; line: 1077; <br />file: /app/source/entry/site.ctrl.php; line: 12; <br />file: /app/source/entry/site.ctrl.php; line: 12; <br />file: /app/index.php; line: 115; <br />

2018-05-25 10:57:46 SQL Error :
------------
String:
SQL: <br/>SELECT * FROM `ims_weisrc_dish_dispatcharea` WHERE weid=:weid AND storeid=:storeid ORDER BY id ASC<hr/>Params: <br/>array (
  ':weid' => 4,
  ':storeid' => 37,
)<hr/>SQL Error: <br/>Table 'shop.ims_weisrc_dish_dispatcharea' doesn't exist<hr/>Traces: <br/>file: /framework/class/db.class.php; line: 195; <br />file: /framework/function/pdo.func.php; line: 44; <br />file: /addons/weisrc_dish/inc/mobile/orders.inc.php; line: 89; <br />file: /framework/class/account.class.php; line: 1077; <br />file: /app/source/entry/site.ctrl.php; line: 12; <br />file: /app/source/entry/site.ctrl.php; line: 12; <br />file: /app/index.php; line: 115; <br />

2018-05-25 11:21:10 SQL Error :
------------
String:
SQL: <br/>SELECT * FROM `ims_weisrc_dish_dispatcharea` WHERE weid=:weid AND storeid=:storeid ORDER BY id ASC<hr/>Params: <br/>array (
  ':weid' => 4,
  ':storeid' => 37,
)<hr/>SQL Error: <br/>Table 'shop.ims_weisrc_dish_dispatcharea' doesn't exist<hr/>Traces: <br/>file: /framework/class/db.class.php; line: 195; <br />file: /framework/function/pdo.func.php; line: 44; <br />file: /addons/weisrc_dish/inc/mobile/orders.inc.php; line: 89; <br />file: /framework/class/account.class.php; line: 1077; <br />file: /app/source/entry/site.ctrl.php; line: 12; <br />file: /app/source/entry/site.ctrl.php; line: 12; <br />file: /app/index.php; line: 115; <br />

2018-05-25 11:21:17 SQL Error :
------------
String:
SQL: <br/>SELECT * FROM `ims_weisrc_dish_dispatcharea` WHERE weid=:weid AND storeid=:storeid ORDER BY id ASC<hr/>Params: <br/>array (
  ':weid' => 4,
  ':storeid' => 37,
)<hr/>SQL Error: <br/>Table 'shop.ims_weisrc_dish_dispatcharea' doesn't exist<hr/>Traces: <br/>file: /framework/class/db.class.php; line: 195; <br />file: /framework/function/pdo.func.php; line: 44; <br />file: /addons/weisrc_dish/inc/mobile/orders.inc.php; line: 89; <br />file: /framework/class/account.class.php; line: 1077; <br />file: /app/source/entry/site.ctrl.php; line: 12; <br />file: /app/source/entry/site.ctrl.php; line: 12; <br />file: /app/index.php; line: 115; <br />

2018-05-25 11:30:53 SQL Error :
------------
String:
SQL: <br/>SELECT * FROM `ims_weisrc_dish_dispatcharea` WHERE weid=:weid AND storeid=:storeid ORDER BY id ASC<hr/>Params: <br/>array (
  ':weid' => 4,
  ':storeid' => 37,
)<hr/>SQL Error: <br/>Table 'shop.ims_weisrc_dish_dispatcharea' doesn't exist<hr/>Traces: <br/>file: /framework/class/db.class.php; line: 195; <br />file: /framework/function/pdo.func.php; line: 44; <br />file: /addons/weisrc_dish/inc/mobile/orders.inc.php; line: 89; <br />file: /framework/class/account.class.php; line: 1077; <br />file: /app/source/entry/site.ctrl.php; line: 12; <br />file: /app/source/entry/site.ctrl.php; line: 12; <br />file: /app/index.php; line: 115; <br />

2018-05-25 11:31:02 SQL Error :
------------
String:
SQL: <br/>SELECT * FROM `ims_weisrc_dish_dispatcharea` WHERE weid=:weid AND storeid=:storeid ORDER BY id ASC<hr/>Params: <br/>array (
  ':weid' => 4,
  ':storeid' => 37,
)<hr/>SQL Error: <br/>Table 'shop.ims_weisrc_dish_dispatcharea' doesn't exist<hr/>Traces: <br/>file: /framework/class/db.class.php; line: 195; <br />file: /framework/function/pdo.func.php; line: 44; <br />file: /addons/weisrc_dish/inc/mobile/orders.inc.php; line: 89; <br />file: /framework/class/account.class.php; line: 1077; <br />file: /app/source/entry/site.ctrl.php; line: 12; <br />file: /app/source/entry/site.ctrl.php; line: 12; <br />file: /app/index.php; line: 115; <br />

2018-05-25 11:50:12 SQL Error :
------------
String:
SQL: <br/>SELECT * FROM `ims_weisrc_dish_dispatcharea` WHERE weid=:weid AND storeid=:storeid ORDER BY id ASC<hr/>Params: <br/>array (
  ':weid' => 4,
  ':storeid' => 37,
)<hr/>SQL Error: <br/>Table 'shop.ims_weisrc_dish_dispatcharea' doesn't exist<hr/>Traces: <br/>file: /framework/class/db.class.php; line: 195; <br />file: /framework/function/pdo.func.php; line: 44; <br />file: /addons/weisrc_dish/inc/mobile/orders.inc.php; line: 89; <br />file: /framework/class/account.class.php; line: 1077; <br />file: /app/source/entry/site.ctrl.php; line: 12; <br />file: /app/source/entry/site.ctrl.php; line: 12; <br />file: /app/index.php; line: 115; <br />

2018-05-25 13:56:53 SQL Error :
------------
String:
SQL: <br/>SELECT * FROM `ims_weisrc_dish_dispatcharea` WHERE weid=:weid AND storeid=:storeid ORDER BY id ASC<hr/>Params: <br/>array (
  ':weid' => 4,
  ':storeid' => 37,
)<hr/>SQL Error: <br/>Table 'shop.ims_weisrc_dish_dispatcharea' doesn't exist<hr/>Traces: <br/>file: /framework/class/db.class.php; line: 195; <br />file: /framework/function/pdo.func.php; line: 44; <br />file: /addons/weisrc_dish/inc/mobile/orders.inc.php; line: 89; <br />file: /framework/class/account.class.php; line: 1077; <br />file: /app/source/entry/site.ctrl.php; line: 12; <br />file: /app/source/entry/site.ctrl.php; line: 12; <br />file: /app/index.php; line: 115; <br />

2018-05-25 13:57:31 SQL Error :
------------
String:
SQL: <br/>SELECT * FROM `ims_weisrc_dish_dispatcharea` WHERE weid=:weid AND storeid=:storeid ORDER BY id ASC<hr/>Params: <br/>array (
  ':weid' => 4,
  ':storeid' => 37,
)<hr/>SQL Error: <br/>Table 'shop.ims_weisrc_dish_dispatcharea' doesn't exist<hr/>Traces: <br/>file: /framework/class/db.class.php; line: 195; <br />file: /framework/function/pdo.func.php; line: 44; <br />file: /addons/weisrc_dish/inc/mobile/orders.inc.php; line: 89; <br />file: /framework/class/account.class.php; line: 1077; <br />file: /app/source/entry/site.ctrl.php; line: 12; <br />file: /app/source/entry/site.ctrl.php; line: 12; <br />file: /app/index.php; line: 115; <br />

2018-05-25 13:57:56 SQL Error :
------------
String:
SQL: <br/>SELECT * FROM `ims_weisrc_dish_dispatcharea` WHERE weid=:weid AND storeid=:storeid ORDER BY id ASC<hr/>Params: <br/>array (
  ':weid' => 4,
  ':storeid' => 37,
)<hr/>SQL Error: <br/>Table 'shop.ims_weisrc_dish_dispatcharea' doesn't exist<hr/>Traces: <br/>file: /framework/class/db.class.php; line: 195; <br />file: /framework/function/pdo.func.php; line: 44; <br />file: /addons/weisrc_dish/inc/mobile/orders.inc.php; line: 89; <br />file: /framework/class/account.class.php; line: 1077; <br />file: /app/source/entry/site.ctrl.php; line: 12; <br />file: /app/source/entry/site.ctrl.php; line: 12; <br />file: /app/index.php; line: 115; <br />

2018-05-25 13:58:04 SQL Error :
------------
String:
SQL: <br/>SELECT * FROM `ims_weisrc_dish_dispatcharea` WHERE weid=:weid AND storeid=:storeid ORDER BY id ASC<hr/>Params: <br/>array (
  ':weid' => 4,
  ':storeid' => 37,
)<hr/>SQL Error: <br/>Table 'shop.ims_weisrc_dish_dispatcharea' doesn't exist<hr/>Traces: <br/>file: /framework/class/db.class.php; line: 195; <br />file: /framework/function/pdo.func.php; line: 44; <br />file: /addons/weisrc_dish/inc/mobile/orders.inc.php; line: 89; <br />file: /framework/class/account.class.php; line: 1077; <br />file: /app/source/entry/site.ctrl.php; line: 12; <br />file: /app/source/entry/site.ctrl.php; line: 12; <br />file: /app/index.php; line: 115; <br />

2018-05-25 13:58:14 SQL Error :
------------
String:
SQL: <br/>SELECT * FROM `ims_weisrc_dish_dispatcharea` WHERE weid=:weid AND storeid=:storeid ORDER BY id ASC<hr/>Params: <br/>array (
  ':weid' => 4,
  ':storeid' => 37,
)<hr/>SQL Error: <br/>Table 'shop.ims_weisrc_dish_dispatcharea' doesn't exist<hr/>Traces: <br/>file: /framework/class/db.class.php; line: 195; <br />file: /framework/function/pdo.func.php; line: 44; <br />file: /addons/weisrc_dish/inc/mobile/orders.inc.php; line: 89; <br />file: /framework/class/account.class.php; line: 1077; <br />file: /app/source/entry/site.ctrl.php; line: 12; <br />file: /app/source/entry/site.ctrl.php; line: 12; <br />file: /app/index.php; line: 115; <br />

2018-05-25 13:58:53 SQL Error :
------------
String:
SQL: <br/>SELECT * FROM `ims_weisrc_dish_dispatcharea` WHERE weid=:weid AND storeid=:storeid ORDER BY id ASC<hr/>Params: <br/>array (
  ':weid' => 4,
  ':storeid' => 37,
)<hr/>SQL Error: <br/>Table 'shop.ims_weisrc_dish_dispatcharea' doesn't exist<hr/>Traces: <br/>file: /framework/class/db.class.php; line: 195; <br />file: /framework/function/pdo.func.php; line: 44; <br />file: /addons/weisrc_dish/inc/mobile/orders.inc.php; line: 89; <br />file: /framework/class/account.class.php; line: 1077; <br />file: /app/source/entry/site.ctrl.php; line: 12; <br />file: /app/source/entry/site.ctrl.php; line: 12; <br />file: /app/index.php; line: 115; <br />

2018-05-25 13:58:53 SQL Error :
------------
String:
SQL: <br/>SELECT * FROM `ims_weisrc_dish_dispatcharea` WHERE weid=:weid AND storeid=:storeid ORDER BY id ASC<hr/>Params: <br/>array (
  ':weid' => 4,
  ':storeid' => 37,
)<hr/>SQL Error: <br/>Table 'shop.ims_weisrc_dish_dispatcharea' doesn't exist<hr/>Traces: <br/>file: /framework/class/db.class.php; line: 195; <br />file: /framework/function/pdo.func.php; line: 44; <br />file: /addons/weisrc_dish/inc/mobile/orders.inc.php; line: 89; <br />file: /framework/class/account.class.php; line: 1077; <br />file: /app/source/entry/site.ctrl.php; line: 12; <br />file: /app/source/entry/site.ctrl.php; line: 12; <br />file: /app/index.php; line: 115; <br />

2018-05-25 14:49:13 SQL Error :
------------
String:
SQL: <br/>SELECT * FROM `ims_weisrc_dish_dispatcharea` WHERE weid=:weid AND storeid=:storeid ORDER BY id ASC<hr/>Params: <br/>array (
  ':weid' => 4,
  ':storeid' => 37,
)<hr/>SQL Error: <br/>Table 'shop.ims_weisrc_dish_dispatcharea' doesn't exist<hr/>Traces: <br/>file: /framework/class/db.class.php; line: 195; <br />file: /framework/function/pdo.func.php; line: 44; <br />file: /addons/weisrc_dish/inc/mobile/orders.inc.php; line: 89; <br />file: /framework/class/account.class.php; line: 1077; <br />file: /app/source/entry/site.ctrl.php; line: 12; <br />file: /app/source/entry/site.ctrl.php; line: 12; <br />file: /app/index.php; line: 115; <br />

2018-05-25 14:50:29 SQL Error :
------------
String:
SQL: <br/>SELECT * FROM `ims_weisrc_dish_dispatcharea` WHERE weid=:weid AND storeid=:storeid ORDER BY id ASC<hr/>Params: <br/>array (
  ':weid' => 4,
  ':storeid' => 37,
)<hr/>SQL Error: <br/>Table 'shop.ims_weisrc_dish_dispatcharea' doesn't exist<hr/>Traces: <br/>file: /framework/class/db.class.php; line: 195; <br />file: /framework/function/pdo.func.php; line: 44; <br />file: /addons/weisrc_dish/inc/mobile/orders.inc.php; line: 89; <br />file: /framework/class/account.class.php; line: 1077; <br />file: /app/source/entry/site.ctrl.php; line: 12; <br />file: /app/source/entry/site.ctrl.php; line: 12; <br />file: /app/index.php; line: 115; <br />

2018-05-25 15:35:33 SQL Error :
------------
String:
SQL: <br/>SELECT * FROM `ims_weisrc_dish_dispatcharea` WHERE weid=:weid AND storeid=:storeid ORDER BY id ASC<hr/>Params: <br/>array (
  ':weid' => 4,
  ':storeid' => 37,
)<hr/>SQL Error: <br/>Table 'shop.ims_weisrc_dish_dispatcharea' doesn't exist<hr/>Traces: <br/>file: /framework/class/db.class.php; line: 195; <br />file: /framework/function/pdo.func.php; line: 44; <br />file: /addons/weisrc_dish/inc/mobile/orders.inc.php; line: 89; <br />file: /framework/class/account.class.php; line: 1077; <br />file: /app/source/entry/site.ctrl.php; line: 12; <br />file: /app/source/entry/site.ctrl.php; line: 12; <br />file: /app/index.php; line: 115; <br />

2018-05-25 15:35:34 SQL Error :
------------
String:
SQL: <br/>SELECT * FROM `ims_weisrc_dish_dispatcharea` WHERE weid=:weid AND storeid=:storeid ORDER BY id ASC<hr/>Params: <br/>array (
  ':weid' => 4,
  ':storeid' => 37,
)<hr/>SQL Error: <br/>Table 'shop.ims_weisrc_dish_dispatcharea' doesn't exist<hr/>Traces: <br/>file: /framework/class/db.class.php; line: 195; <br />file: /framework/function/pdo.func.php; line: 44; <br />file: /addons/weisrc_dish/inc/mobile/orders.inc.php; line: 89; <br />file: /framework/class/account.class.php; line: 1077; <br />file: /app/source/entry/site.ctrl.php; line: 12; <br />file: /app/source/entry/site.ctrl.php; line: 12; <br />file: /app/index.php; line: 115; <br />

2018-05-25 15:44:11 SQL Error :
------------
String:
SQL: <br/>SELECT * FROM `ims_weisrc_dish_dispatcharea` WHERE weid=:weid AND storeid=:storeid ORDER BY id ASC<hr/>Params: <br/>array (
  ':weid' => 4,
  ':storeid' => 37,
)<hr/>SQL Error: <br/>Table 'shop.ims_weisrc_dish_dispatcharea' doesn't exist<hr/>Traces: <br/>file: /framework/class/db.class.php; line: 195; <br />file: /framework/function/pdo.func.php; line: 44; <br />file: /addons/weisrc_dish/inc/mobile/orders.inc.php; line: 89; <br />file: /framework/class/account.class.php; line: 1077; <br />file: /app/source/entry/site.ctrl.php; line: 12; <br />file: /app/source/entry/site.ctrl.php; line: 12; <br />file: /app/index.php; line: 115; <br />

2018-05-25 17:49:27 SQL Error :
------------
String:
SQL: <br/>SELECT * FROM `ims_weisrc_dish_dispatcharea` WHERE weid=:weid AND storeid=:storeid ORDER BY id ASC<hr/>Params: <br/>array (
  ':weid' => 4,
  ':storeid' => 37,
)<hr/>SQL Error: <br/>Table 'shop.ims_weisrc_dish_dispatcharea' doesn't exist<hr/>Traces: <br/>file: /framework/class/db.class.php; line: 195; <br />file: /framework/function/pdo.func.php; line: 44; <br />file: /addons/weisrc_dish/inc/mobile/orders.inc.php; line: 89; <br />file: /framework/class/account.class.php; line: 1077; <br />file: /app/source/entry/site.ctrl.php; line: 12; <br />file: /app/source/entry/site.ctrl.php; line: 12; <br />file: /app/index.php; line: 115; <br />

2018-05-25 17:50:08 SQL Error :
------------
String:
SQL: <br/>SELECT * FROM `ims_weisrc_dish_dispatcharea` WHERE weid=:weid AND storeid=:storeid ORDER BY id ASC<hr/>Params: <br/>array (
  ':weid' => 4,
  ':storeid' => 37,
)<hr/>SQL Error: <br/>Table 'shop.ims_weisrc_dish_dispatcharea' doesn't exist<hr/>Traces: <br/>file: /framework/class/db.class.php; line: 195; <br />file: /framework/function/pdo.func.php; line: 44; <br />file: /addons/weisrc_dish/inc/mobile/orders.inc.php; line: 89; <br />file: /framework/class/account.class.php; line: 1077; <br />file: /app/source/entry/site.ctrl.php; line: 12; <br />file: /app/source/entry/site.ctrl.php; line: 12; <br />file: /app/index.php; line: 115; <br />

2018-05-25 17:50:27 SQL Error :
------------
String:
SQL: <br/>SELECT * FROM `ims_weisrc_dish_dispatcharea` WHERE weid=:weid AND storeid=:storeid ORDER BY id ASC<hr/>Params: <br/>array (
  ':weid' => 4,
  ':storeid' => 37,
)<hr/>SQL Error: <br/>Table 'shop.ims_weisrc_dish_dispatcharea' doesn't exist<hr/>Traces: <br/>file: /framework/class/db.class.php; line: 195; <br />file: /framework/function/pdo.func.php; line: 44; <br />file: /addons/weisrc_dish/inc/mobile/orders.inc.php; line: 89; <br />file: /framework/class/account.class.php; line: 1077; <br />file: /app/source/entry/site.ctrl.php; line: 12; <br />file: /app/source/entry/site.ctrl.php; line: 12; <br />file: /app/index.php; line: 115; <br />

2018-05-25 17:52:06 SQL Error :
------------
String:
SQL: <br/>SELECT * FROM `ims_weisrc_dish_dispatcharea` WHERE weid=:weid AND storeid=:storeid ORDER BY id ASC<hr/>Params: <br/>array (
  ':weid' => 4,
  ':storeid' => 37,
)<hr/>SQL Error: <br/>Table 'shop.ims_weisrc_dish_dispatcharea' doesn't exist<hr/>Traces: <br/>file: /framework/class/db.class.php; line: 195; <br />file: /framework/function/pdo.func.php; line: 44; <br />file: /addons/weisrc_dish/inc/mobile/orders.inc.php; line: 89; <br />file: /framework/class/account.class.php; line: 1077; <br />file: /app/source/entry/site.ctrl.php; line: 12; <br />file: /app/source/entry/site.ctrl.php; line: 12; <br />file: /app/index.php; line: 115; <br />

2018-05-25 17:52:36 SQL Error :
------------
String:
SQL: <br/>SELECT * FROM `ims_weisrc_dish_dispatcharea` WHERE weid=:weid AND storeid=:storeid ORDER BY id ASC<hr/>Params: <br/>array (
  ':weid' => 4,
  ':storeid' => 37,
)<hr/>SQL Error: <br/>Table 'shop.ims_weisrc_dish_dispatcharea' doesn't exist<hr/>Traces: <br/>file: /framework/class/db.class.php; line: 195; <br />file: /framework/function/pdo.func.php; line: 44; <br />file: /addons/weisrc_dish/inc/mobile/orders.inc.php; line: 89; <br />file: /framework/class/account.class.php; line: 1077; <br />file: /app/source/entry/site.ctrl.php; line: 12; <br />file: /app/source/entry/site.ctrl.php; line: 12; <br />file: /app/index.php; line: 115; <br />

2018-05-25 17:53:42 SQL Error :
------------
String:
SQL: <br/>SELECT * FROM `ims_weisrc_dish_dispatcharea` WHERE weid=:weid AND storeid=:storeid ORDER BY id ASC<hr/>Params: <br/>array (
  ':weid' => 4,
  ':storeid' => 37,
)<hr/>SQL Error: <br/>Table 'shop.ims_weisrc_dish_dispatcharea' doesn't exist<hr/>Traces: <br/>file: /framework/class/db.class.php; line: 195; <br />file: /framework/function/pdo.func.php; line: 44; <br />file: /addons/weisrc_dish/inc/mobile/orders.inc.php; line: 89; <br />file: /framework/class/account.class.php; line: 1077; <br />file: /app/source/entry/site.ctrl.php; line: 12; <br />file: /app/source/entry/site.ctrl.php; line: 12; <br />file: /app/index.php; line: 115; <br />

2018-05-25 18:18:47 SQL Error :
------------
String:
SQL: <br/>SELECT * FROM `ims_weisrc_dish_dispatcharea` WHERE weid=:weid AND storeid=:storeid ORDER BY id ASC<hr/>Params: <br/>array (
  ':weid' => 4,
  ':storeid' => 37,
)<hr/>SQL Error: <br/>Table 'shop.ims_weisrc_dish_dispatcharea' doesn't exist<hr/>Traces: <br/>file: /framework/class/db.class.php; line: 195; <br />file: /framework/function/pdo.func.php; line: 44; <br />file: /addons/weisrc_dish/inc/mobile/orders.inc.php; line: 89; <br />file: /framework/class/account.class.php; line: 1077; <br />file: /app/source/entry/site.ctrl.php; line: 12; <br />file: /app/source/entry/site.ctrl.php; line: 12; <br />file: /app/index.php; line: 115; <br />

2018-05-25 18:29:19 SQL Error :
------------
String:
SQL: <br/>SELECT * FROM `ims_weisrc_dish_dispatcharea` WHERE weid=:weid AND storeid=:storeid ORDER BY id ASC<hr/>Params: <br/>array (
  ':weid' => 4,
  ':storeid' => 37,
)<hr/>SQL Error: <br/>Table 'shop.ims_weisrc_dish_dispatcharea' doesn't exist<hr/>Traces: <br/>file: /framework/class/db.class.php; line: 195; <br />file: /framework/function/pdo.func.php; line: 44; <br />file: /addons/weisrc_dish/inc/mobile/orders.inc.php; line: 89; <br />file: /framework/class/account.class.php; line: 1077; <br />file: /app/source/entry/site.ctrl.php; line: 12; <br />file: /app/source/entry/site.ctrl.php; line: 12; <br />file: /app/index.php; line: 115; <br />

2018-05-25 18:32:06 SQL Error :
------------
String:
SQL: <br/>SELECT * FROM `ims_weisrc_dish_dispatcharea` WHERE weid=:weid AND storeid=:storeid ORDER BY id ASC<hr/>Params: <br/>array (
  ':weid' => 4,
  ':storeid' => 37,
)<hr/>SQL Error: <br/>Table 'shop.ims_weisrc_dish_dispatcharea' doesn't exist<hr/>Traces: <br/>file: /framework/class/db.class.php; line: 195; <br />file: /framework/function/pdo.func.php; line: 44; <br />file: /addons/weisrc_dish/inc/mobile/orders.inc.php; line: 89; <br />file: /framework/class/account.class.php; line: 1077; <br />file: /app/source/entry/site.ctrl.php; line: 12; <br />file: /app/source/entry/site.ctrl.php; line: 12; <br />file: /app/index.php; line: 115; <br />

2018-05-25 18:32:17 SQL Error :
------------
String:
SQL: <br/>SELECT * FROM `ims_weisrc_dish_dispatcharea` WHERE weid=:weid AND storeid=:storeid ORDER BY id ASC<hr/>Params: <br/>array (
  ':weid' => 4,
  ':storeid' => 37,
)<hr/>SQL Error: <br/>Table 'shop.ims_weisrc_dish_dispatcharea' doesn't exist<hr/>Traces: <br/>file: /framework/class/db.class.php; line: 195; <br />file: /framework/function/pdo.func.php; line: 44; <br />file: /addons/weisrc_dish/inc/mobile/orders.inc.php; line: 89; <br />file: /framework/class/account.class.php; line: 1077; <br />file: /app/source/entry/site.ctrl.php; line: 12; <br />file: /app/source/entry/site.ctrl.php; line: 12; <br />file: /app/index.php; line: 115; <br />

