array (
  'result' => 'success',
  'type' => 'credit',
  'from' => 'notify',
  'tid' => '201',
  'user' => '35',
  'fee' => '0.10',
  'weid' => NULL,
  'uniacid' => '1',
  'acid' => '1',
  'is_usecard' => '0',
  'card_type' => '0',
  'card_fee' => '0.10',
  'card_id' => '0',
)
array (
  'result' => 'success',
  'type' => 'credit',
  'from' => 'notify',
  'tid' => '203',
  'user' => '35',
  'fee' => '60.00',
  'weid' => NULL,
  'uniacid' => '1',
  'acid' => '1',
  'is_usecard' => '0',
  'card_type' => '0',
  'card_fee' => '60.00',
  'card_id' => '0',
)
array (
  'weid' => NULL,
  'uniacid' => '1',
  'acid' => '1',
  'result' => 'success',
  'type' => 'wechat',
  'from' => 'notify',
  'tid' => '214',
  'uniontid' => '2017122610233600001637946845',
  'transaction_id' => NULL,
  'trade_type' => 'JSAPI',
  'follow' => 1,
  'user' => 'o1gSL0UxHMYWU8tkso0L1GCEDkP4',
  'fee' => '36.00',
  'tag' => 
  array (
    'transaction_id' => '4200000013201712261581364674',
  ),
  'is_usecard' => '0',
  'card_type' => '0',
  'card_fee' => '36.00',
  'card_id' => '0',
  'paytime' => 1514255025,
)
array (
  'result' => 'success',
  'type' => 'credit',
  'from' => 'notify',
  'tid' => '226',
  'user' => '186',
  'fee' => '12.00',
  'weid' => NULL,
  'uniacid' => '1',
  'acid' => '1',
  'is_usecard' => '0',
  'card_type' => '0',
  'card_fee' => '12.00',
  'card_id' => '0',
)
